0 info it worked if it ends with ok
1 verbose cli [ '/Users/chenzhuo04/.nvm/versions/node/v4.5.0/bin/node',
1 verbose cli   '/Users/chenzhuo04/.nvm/versions/node/v4.5.0/bin/npm',
1 verbose cli   'run',
1 verbose cli   'dev' ]
2 info using npm@3.10.8
3 info using node@v4.5.0
4 verbose run-script [ 'predev', 'dev', 'postdev' ]
5 info lifecycle wech@0.1.0~predev: wech@0.1.0
6 silly lifecycle wech@0.1.0~predev: no script for predev, continuing
7 info lifecycle wech@0.1.0~dev: wech@0.1.0
8 verbose lifecycle wech@0.1.0~dev: unsafe-perm in lifecycle true
9 verbose lifecycle wech@0.1.0~dev: PATH: /Users/chenzhuo04/.nvm/versions/node/v4.5.0/lib/node_modules/npm/bin/node-gyp-bin:/Users/chenzhuo04/weapp/wech-demo/node_modules/.bin:/Users/chenzhuo04/.nvm/versions/node/v4.5.0/bin:/usr/local/bin:/usr/bin:/bin:/usr/sbin:/sbin
10 verbose lifecycle wech@0.1.0~dev: CWD: /Users/chenzhuo04/weapp/wech-demo
11 silly lifecycle wech@0.1.0~dev: Args: [ '-c', 'gulp watch' ]
12 silly lifecycle wech@0.1.0~dev: Returned: code: 1  signal: null
13 info lifecycle wech@0.1.0~dev: Failed to exec dev script
14 verbose stack Error: wech@0.1.0 dev: `gulp watch`
14 verbose stack Exit status 1
14 verbose stack     at EventEmitter.<anonymous> (/Users/chenzhuo04/.nvm/versions/node/v4.5.0/lib/node_modules/npm/lib/utils/lifecycle.js:255:16)
14 verbose stack     at emitTwo (events.js:87:13)
14 verbose stack     at EventEmitter.emit (events.js:172:7)
14 verbose stack     at ChildProcess.<anonymous> (/Users/chenzhuo04/.nvm/versions/node/v4.5.0/lib/node_modules/npm/lib/utils/spawn.js:40:14)
14 verbose stack     at emitTwo (events.js:87:13)
14 verbose stack     at ChildProcess.emit (events.js:172:7)
14 verbose stack     at maybeClose (internal/child_process.js:829:16)
14 verbose stack     at Process.ChildProcess._handle.onexit (internal/child_process.js:211:5)
15 verbose pkgid wech@0.1.0
16 verbose cwd /Users/chenzhuo04/weapp/wech-demo
17 error Darwin 14.3.0
18 error argv "/Users/chenzhuo04/.nvm/versions/node/v4.5.0/bin/node" "/Users/chenzhuo04/.nvm/versions/node/v4.5.0/bin/npm" "run" "dev"
19 error node v4.5.0
20 error npm  v3.10.8
21 error code ELIFECYCLE
22 error wech@0.1.0 dev: `gulp watch`
22 error Exit status 1
23 error Failed at the wech@0.1.0 dev script 'gulp watch'.
23 error Make sure you have the latest version of node.js and npm installed.
23 error If you do, this is most likely a problem with the wech package,
23 error not with npm itself.
23 error Tell the author that this fails on your system:
23 error     gulp watch
23 error You can get information on how to open an issue for this project with:
23 error     npm bugs wech
23 error Or if that isn't available, you can get their info via:
23 error     npm owner ls wech
23 error There is likely additional logging output above.
24 verbose exit [ 1, true ]
